{"error":{},"level":"error","message":"Failed to start server","service":"ai-saas-backend","timestamp":"2026-04-22T11:32:16.961Z"}
{"error":{},"level":"error","message":"Failed to start server","service":"ai-saas-backend","timestamp":"2026-04-22T11:32:30.416Z"}
{"error":{},"level":"error","message":"Failed to start server","service":"ai-saas-backend","timestamp":"2026-04-22T11:32:57.959Z"}
{"error":{"code":"FST_ERR_DUPLICATED_ROUTE","message":"Method 'GET' already declared for route '/health'","name":"FastifyError","statusCode":500},"level":"error","message":"Failed to start server","service":"ai-saas-backend","timestamp":"2026-04-22T11:37:00.738Z"}
{"error":{"code":"FST_ERR_DUPLICATED_ROUTE","message":"Method 'GET' already declared for route '/health'","name":"FastifyError","statusCode":500},"level":"error","message":"Failed to start server","service":"ai-saas-backend","timestamp":"2026-04-22T11:37:55.514Z"}
{"error":{},"level":"error","message":"Failed to start server","service":"ai-saas-backend","timestamp":"2026-04-22T11:38:32.546Z"}
{"error":{},"level":"error","message":"Failed to start server","service":"ai-saas-backend","timestamp":"2026-04-22T11:39:03.522Z"}
{"error":{},"level":"error","message":"Failed to start server","service":"ai-saas-backend","timestamp":"2026-04-22T11:41:44.698Z"}
{"error":{"address":"0.0.0.0","code":"EADDRINUSE","errno":-48,"port":3001,"syscall":"listen"},"level":"error","message":"Failed to start server","service":"ai-saas-backend","timestamp":"2026-04-22T11:47:41.282Z"}
{"error":{},"level":"error","message":"Failed to start server","service":"ai-saas-backend","timestamp":"2026-04-22T12:00:09.646Z"}
{"error":{},"level":"error","message":"Failed to start server","service":"ai-saas-backend","timestamp":"2026-04-22T12:00:09.651Z"}
{"error":{"code":"MODULE_NOT_FOUND","requireStack":["/Users/aninditadas/Desktop/AI Client Acquisition System - Agency-in-a-Box/apps/backend/src/infrastructure/workflow-engine/WorkflowExecutionEngine.ts","/Users/aninditadas/Desktop/AI Client Acquisition System - Agency-in-a-Box/apps/backend/src/index.ts"]},"level":"error","message":"Failed to start server","service":"ai-saas-backend","timestamp":"2026-04-22T12:04:45.901Z"}
{"error":{"code":"MODULE_NOT_FOUND","requireStack":["/Users/aninditadas/Desktop/AI Client Acquisition System - Agency-in-a-Box/apps/backend/src/infrastructure/workflow-engine/WorkflowExecutionEngine.ts","/Users/aninditadas/Desktop/AI Client Acquisition System - Agency-in-a-Box/apps/backend/src/index.ts"]},"level":"error","message":"Failed to start server","service":"ai-saas-backend","timestamp":"2026-04-22T12:04:45.919Z"}
{"error":{"code":"MODULE_NOT_FOUND","requireStack":["/Users/aninditadas/Desktop/AI Client Acquisition System - Agency-in-a-Box/apps/backend/src/infrastructure/workflow-engine/WorkflowExecutionEngine.ts","/Users/aninditadas/Desktop/AI Client Acquisition System - Agency-in-a-Box/apps/backend/src/index.ts"]},"level":"error","message":"Failed to start server","service":"ai-saas-backend","timestamp":"2026-04-22T12:04:45.922Z"}
{"error":{"code":"MODULE_NOT_FOUND","requireStack":["/Users/aninditadas/Desktop/AI Client Acquisition System - Agency-in-a-Box/apps/backend/src/infrastructure/workflow-engine/WorkflowExecutionEngine.ts","/Users/aninditadas/Desktop/AI Client Acquisition System - Agency-in-a-Box/apps/backend/src/index.ts"]},"level":"error","message":"Failed to start server","service":"ai-saas-backend","timestamp":"2026-04-22T12:04:54.994Z"}
{"error":{"code":"MODULE_NOT_FOUND","requireStack":["/Users/aninditadas/Desktop/AI Client Acquisition System - Agency-in-a-Box/apps/backend/src/infrastructure/workflow-engine/WorkflowExecutionEngine.ts","/Users/aninditadas/Desktop/AI Client Acquisition System - Agency-in-a-Box/apps/backend/src/index.ts"]},"level":"error","message":"Failed to start server","service":"ai-saas-backend","timestamp":"2026-04-22T12:04:55.006Z"}
{"error":{"code":"MODULE_NOT_FOUND","requireStack":["/Users/aninditadas/Desktop/AI Client Acquisition System - Agency-in-a-Box/apps/backend/src/infrastructure/workflow-engine/WorkflowExecutionEngine.ts","/Users/aninditadas/Desktop/AI Client Acquisition System - Agency-in-a-Box/apps/backend/src/index.ts"]},"level":"error","message":"Failed to start server","service":"ai-saas-backend","timestamp":"2026-04-22T12:04:55.028Z"}
{"error":{"code":"MODULE_NOT_FOUND","requireStack":["/Users/aninditadas/Desktop/AI Client Acquisition System - Agency-in-a-Box/apps/backend/src/infrastructure/workflow-engine/WorkflowExecutionEngine.ts","/Users/aninditadas/Desktop/AI Client Acquisition System - Agency-in-a-Box/apps/backend/src/index.ts"]},"level":"error","message":"Failed to start server","service":"ai-saas-backend","timestamp":"2026-04-22T12:05:24.722Z"}
{"error":{"code":"MODULE_NOT_FOUND","requireStack":["/Users/aninditadas/Desktop/AI Client Acquisition System - Agency-in-a-Box/apps/backend/src/infrastructure/workflow-engine/WorkflowExecutionEngine.ts","/Users/aninditadas/Desktop/AI Client Acquisition System - Agency-in-a-Box/apps/backend/src/index.ts"]},"level":"error","message":"Failed to start server","service":"ai-saas-backend","timestamp":"2026-04-22T12:05:24.742Z"}
{"error":{"code":"MODULE_NOT_FOUND","requireStack":["/Users/aninditadas/Desktop/AI Client Acquisition System - Agency-in-a-Box/apps/backend/src/infrastructure/workflow-engine/WorkflowExecutionEngine.ts","/Users/aninditadas/Desktop/AI Client Acquisition System - Agency-in-a-Box/apps/backend/src/index.ts"]},"level":"error","message":"Failed to start server","service":"ai-saas-backend","timestamp":"2026-04-22T12:05:24.747Z"}
{"error":{"code":"MODULE_NOT_FOUND","requireStack":["/Users/aninditadas/Desktop/AI Client Acquisition System - Agency-in-a-Box/apps/backend/src/infrastructure/workflow-engine/WorkflowExecutionEngine.ts","/Users/aninditadas/Desktop/AI Client Acquisition System - Agency-in-a-Box/apps/backend/src/index.ts"]},"level":"error","message":"Failed to start server","service":"ai-saas-backend","timestamp":"2026-04-22T12:05:38.796Z"}
{"error":{"code":"MODULE_NOT_FOUND","requireStack":["/Users/aninditadas/Desktop/AI Client Acquisition System - Agency-in-a-Box/apps/backend/src/infrastructure/workflow-engine/WorkflowExecutionEngine.ts","/Users/aninditadas/Desktop/AI Client Acquisition System - Agency-in-a-Box/apps/backend/src/index.ts"]},"level":"error","message":"Failed to start server","service":"ai-saas-backend","timestamp":"2026-04-22T12:05:38.825Z"}
{"error":{"code":"MODULE_NOT_FOUND","requireStack":["/Users/aninditadas/Desktop/AI Client Acquisition System - Agency-in-a-Box/apps/backend/src/infrastructure/workflow-engine/WorkflowExecutionEngine.ts","/Users/aninditadas/Desktop/AI Client Acquisition System - Agency-in-a-Box/apps/backend/src/index.ts"]},"level":"error","message":"Failed to start server","service":"ai-saas-backend","timestamp":"2026-04-22T12:05:38.835Z"}
{"error":{"code":"MODULE_NOT_FOUND","requireStack":["/Users/aninditadas/Desktop/AI Client Acquisition System - Agency-in-a-Box/apps/backend/src/infrastructure/workflow-engine/WorkflowExecutionEngine.ts","/Users/aninditadas/Desktop/AI Client Acquisition System - Agency-in-a-Box/apps/backend/src/index.ts"]},"level":"error","message":"Failed to start server","service":"ai-saas-backend","timestamp":"2026-04-22T12:05:52.894Z"}
{"error":{"code":"MODULE_NOT_FOUND","requireStack":["/Users/aninditadas/Desktop/AI Client Acquisition System - Agency-in-a-Box/apps/backend/src/infrastructure/workflow-engine/WorkflowExecutionEngine.ts","/Users/aninditadas/Desktop/AI Client Acquisition System - Agency-in-a-Box/apps/backend/src/index.ts"]},"level":"error","message":"Failed to start server","service":"ai-saas-backend","timestamp":"2026-04-22T12:05:52.905Z"}
{"error":{"code":"MODULE_NOT_FOUND","requireStack":["/Users/aninditadas/Desktop/AI Client Acquisition System - Agency-in-a-Box/apps/backend/src/infrastructure/workflow-engine/WorkflowExecutionEngine.ts","/Users/aninditadas/Desktop/AI Client Acquisition System - Agency-in-a-Box/apps/backend/src/index.ts"]},"level":"error","message":"Failed to start server","service":"ai-saas-backend","timestamp":"2026-04-22T12:05:52.906Z"}
{"error":{"code":"MODULE_NOT_FOUND","requireStack":["/Users/aninditadas/Desktop/AI Client Acquisition System - Agency-in-a-Box/apps/backend/src/infrastructure/workflow-engine/WorkflowExecutionEngine.ts","/Users/aninditadas/Desktop/AI Client Acquisition System - Agency-in-a-Box/apps/backend/src/index.ts"]},"level":"error","message":"Failed to start server","service":"ai-saas-backend","timestamp":"2026-04-22T12:06:11.953Z"}
{"error":{"code":"MODULE_NOT_FOUND","requireStack":["/Users/aninditadas/Desktop/AI Client Acquisition System - Agency-in-a-Box/apps/backend/src/infrastructure/workflow-engine/WorkflowExecutionEngine.ts","/Users/aninditadas/Desktop/AI Client Acquisition System - Agency-in-a-Box/apps/backend/src/index.ts"]},"level":"error","message":"Failed to start server","service":"ai-saas-backend","timestamp":"2026-04-22T12:06:11.966Z"}
{"error":{"code":"MODULE_NOT_FOUND","requireStack":["/Users/aninditadas/Desktop/AI Client Acquisition System - Agency-in-a-Box/apps/backend/src/infrastructure/workflow-engine/WorkflowExecutionEngine.ts","/Users/aninditadas/Desktop/AI Client Acquisition System - Agency-in-a-Box/apps/backend/src/index.ts"]},"level":"error","message":"Failed to start server","service":"ai-saas-backend","timestamp":"2026-04-22T12:06:11.967Z"}
{"error":{"code":"MODULE_NOT_FOUND","requireStack":["/Users/aninditadas/Desktop/AI Client Acquisition System - Agency-in-a-Box/apps/backend/src/infrastructure/workflow-engine/templates/YouTubeScriptWorkflow.ts","/Users/aninditadas/Desktop/AI Client Acquisition System - Agency-in-a-Box/apps/backend/src/infrastructure/workflow-engine/WorkflowRegistry.ts","/Users/aninditadas/Desktop/AI Client Acquisition System - Agency-in-a-Box/apps/backend/src/index.ts"]},"level":"error","message":"Failed to start server","service":"ai-saas-backend","timestamp":"2026-04-22T12:06:24.742Z"}
{"error":{"code":"MODULE_NOT_FOUND","requireStack":["/Users/aninditadas/Desktop/AI Client Acquisition System - Agency-in-a-Box/apps/backend/src/infrastructure/workflow-engine/templates/YouTubeScriptWorkflow.ts","/Users/aninditadas/Desktop/AI Client Acquisition System - Agency-in-a-Box/apps/backend/src/infrastructure/workflow-engine/WorkflowRegistry.ts","/Users/aninditadas/Desktop/AI Client Acquisition System - Agency-in-a-Box/apps/backend/src/index.ts"]},"level":"error","message":"Failed to start server","service":"ai-saas-backend","timestamp":"2026-04-22T12:06:24.759Z"}
{"error":{"code":"MODULE_NOT_FOUND","requireStack":["/Users/aninditadas/Desktop/AI Client Acquisition System - Agency-in-a-Box/apps/backend/src/infrastructure/workflow-engine/templates/YouTubeScriptWorkflow.ts","/Users/aninditadas/Desktop/AI Client Acquisition System - Agency-in-a-Box/apps/backend/src/infrastructure/workflow-engine/WorkflowRegistry.ts","/Users/aninditadas/Desktop/AI Client Acquisition System - Agency-in-a-Box/apps/backend/src/index.ts"]},"level":"error","message":"Failed to start server","service":"ai-saas-backend","timestamp":"2026-04-22T12:06:24.781Z"}
{"error":{},"level":"error","message":"Failed to start server","service":"ai-saas-backend","timestamp":"2026-04-22T12:06:48.571Z"}
{"error":{},"level":"error","message":"Failed to start server","service":"ai-saas-backend","timestamp":"2026-04-22T12:06:48.573Z"}
{"error":{},"level":"error","message":"Failed to start server","service":"ai-saas-backend","timestamp":"2026-04-22T12:06:48.581Z"}
{"error":{"code":"MODULE_NOT_FOUND","requireStack":["/Users/aninditadas/Desktop/AI Client Acquisition System - Agency-in-a-Box/apps/backend/src/infrastructure/security/AuthenticationService.ts","/Users/aninditadas/Desktop/AI Client Acquisition System - Agency-in-a-Box/apps/backend/src/index.ts"]},"level":"error","message":"Failed to start server","service":"ai-saas-backend","timestamp":"2026-04-22T12:07:16.233Z"}
{"error":{"code":"MODULE_NOT_FOUND","requireStack":["/Users/aninditadas/Desktop/AI Client Acquisition System - Agency-in-a-Box/apps/backend/src/infrastructure/security/AuthenticationService.ts","/Users/aninditadas/Desktop/AI Client Acquisition System - Agency-in-a-Box/apps/backend/src/index.ts"]},"level":"error","message":"Failed to start server","service":"ai-saas-backend","timestamp":"2026-04-22T12:07:16.233Z"}
{"error":{"code":"MODULE_NOT_FOUND","requireStack":["/Users/aninditadas/Desktop/AI Client Acquisition System - Agency-in-a-Box/apps/backend/src/infrastructure/security/AuthenticationService.ts","/Users/aninditadas/Desktop/AI Client Acquisition System - Agency-in-a-Box/apps/backend/src/index.ts"]},"level":"error","message":"Failed to start server","service":"ai-saas-backend","timestamp":"2026-04-22T12:07:16.233Z"}
{"error":{"code":"MODULE_NOT_FOUND","requireStack":["/Users/aninditadas/Desktop/AI Client Acquisition System - Agency-in-a-Box/apps/backend/src/infrastructure/security/AuthenticationService.ts","/Users/aninditadas/Desktop/AI Client Acquisition System - Agency-in-a-Box/apps/backend/src/index.ts"]},"level":"error","message":"Failed to start server","service":"ai-saas-backend","timestamp":"2026-04-22T12:07:19.062Z"}
{"error":{"code":"MODULE_NOT_FOUND","requireStack":["/Users/aninditadas/Desktop/AI Client Acquisition System - Agency-in-a-Box/apps/backend/src/infrastructure/security/AuthenticationService.ts","/Users/aninditadas/Desktop/AI Client Acquisition System - Agency-in-a-Box/apps/backend/src/index.ts"]},"level":"error","message":"Failed to start server","service":"ai-saas-backend","timestamp":"2026-04-22T12:07:19.063Z"}
{"error":{"code":"MODULE_NOT_FOUND","requireStack":["/Users/aninditadas/Desktop/AI Client Acquisition System - Agency-in-a-Box/apps/backend/src/infrastructure/security/AuthenticationService.ts","/Users/aninditadas/Desktop/AI Client Acquisition System - Agency-in-a-Box/apps/backend/src/index.ts"]},"level":"error","message":"Failed to start server","service":"ai-saas-backend","timestamp":"2026-04-22T12:07:19.069Z"}
{"error":{"code":"MODULE_NOT_FOUND","requireStack":["/Users/aninditadas/Desktop/AI Client Acquisition System - Agency-in-a-Box/apps/backend/src/infrastructure/security/AuthenticationService.ts","/Users/aninditadas/Desktop/AI Client Acquisition System - Agency-in-a-Box/apps/backend/src/index.ts"]},"level":"error","message":"Failed to start server","service":"ai-saas-backend","timestamp":"2026-04-22T12:07:26.847Z"}
{"error":{"code":"MODULE_NOT_FOUND","requireStack":["/Users/aninditadas/Desktop/AI Client Acquisition System - Agency-in-a-Box/apps/backend/src/infrastructure/security/AuthenticationService.ts","/Users/aninditadas/Desktop/AI Client Acquisition System - Agency-in-a-Box/apps/backend/src/index.ts"]},"level":"error","message":"Failed to start server","service":"ai-saas-backend","timestamp":"2026-04-22T12:07:26.848Z"}
{"error":{"code":"MODULE_NOT_FOUND","requireStack":["/Users/aninditadas/Desktop/AI Client Acquisition System - Agency-in-a-Box/apps/backend/src/infrastructure/security/AuthenticationService.ts","/Users/aninditadas/Desktop/AI Client Acquisition System - Agency-in-a-Box/apps/backend/src/index.ts"]},"level":"error","message":"Failed to start server","service":"ai-saas-backend","timestamp":"2026-04-22T12:07:26.859Z"}
{"error":{},"level":"error","message":"Failed to start server","service":"ai-saas-backend","timestamp":"2026-04-22T12:07:42.081Z"}
{"error":{},"level":"error","message":"Failed to start server","service":"ai-saas-backend","timestamp":"2026-04-22T12:07:42.085Z"}
{"error":{},"level":"error","message":"Failed to start server","service":"ai-saas-backend","timestamp":"2026-04-22T12:07:42.106Z"}
{"error":{},"level":"error","message":"Failed to start server","service":"ai-saas-backend","timestamp":"2026-04-22T12:08:14.133Z"}
{"error":{},"level":"error","message":"Failed to start server","service":"ai-saas-backend","timestamp":"2026-04-22T12:08:14.133Z"}
{"error":{},"level":"error","message":"Failed to start server","service":"ai-saas-backend","timestamp":"2026-04-22T12:08:14.154Z"}
{"error":{},"level":"error","message":"Failed to start server","service":"ai-saas-backend","timestamp":"2026-04-22T12:08:18.464Z"}
{"error":{},"level":"error","message":"Failed to start server","service":"ai-saas-backend","timestamp":"2026-04-22T12:08:18.484Z"}
{"error":{},"level":"error","message":"Failed to start server","service":"ai-saas-backend","timestamp":"2026-04-22T12:08:18.769Z"}
{"error":{},"level":"error","message":"Failed to register health routes:","service":"ai-saas-backend","timestamp":"2026-04-22T12:09:16.685Z"}
{"error":{},"level":"error","message":"Failed to register health routes:","service":"ai-saas-backend","timestamp":"2026-04-22T12:09:16.691Z"}
{"error":{},"level":"error","message":"Failed to register health routes:","service":"ai-saas-backend","timestamp":"2026-04-22T12:09:16.704Z"}
{"error":{"address":"0.0.0.0","code":"EADDRINUSE","errno":-48,"port":3001,"syscall":"listen"},"level":"error","message":"Failed to start server","service":"ai-saas-backend","timestamp":"2026-04-22T12:09:36.630Z"}
{"error":{"address":"0.0.0.0","code":"EADDRINUSE","errno":-48,"port":3001,"syscall":"listen"},"level":"error","message":"Failed to start server","service":"ai-saas-backend","timestamp":"2026-04-22T12:09:49.598Z"}
{"error":{"address":"0.0.0.0","code":"EADDRINUSE","errno":-48,"port":3001,"syscall":"listen"},"level":"error","message":"Failed to start server","service":"ai-saas-backend","timestamp":"2026-04-22T12:10:09.423Z"}
{"error":{"address":"0.0.0.0","code":"EADDRINUSE","errno":-48,"port":3001,"syscall":"listen"},"level":"error","message":"Failed to start server","service":"ai-saas-backend","timestamp":"2026-04-22T12:10:40.917Z"}
{"error":{"address":"0.0.0.0","code":"EADDRINUSE","errno":-48,"port":3001,"syscall":"listen"},"level":"error","message":"Failed to start server","service":"ai-saas-backend","timestamp":"2026-04-22T12:12:20.212Z"}
{"error":{},"level":"error","message":"Failed to start server","service":"ai-saas-backend","timestamp":"2026-04-22T12:12:31.994Z"}
{"error":{},"level":"error","message":"Failed to start server","service":"ai-saas-backend","timestamp":"2026-04-22T12:12:31.995Z"}
{"error":{},"level":"error","message":"Failed to start server","service":"ai-saas-backend","timestamp":"2026-04-22T12:12:31.996Z"}
{"error":{},"level":"error","message":"Failed to start server","service":"ai-saas-backend","timestamp":"2026-04-22T12:12:40.168Z"}
{"error":{},"level":"error","message":"Failed to start server","service":"ai-saas-backend","timestamp":"2026-04-22T12:12:40.182Z"}
{"error":{},"level":"error","message":"Failed to start server","service":"ai-saas-backend","timestamp":"2026-04-22T12:12:40.186Z"}
{"error":{},"level":"error","message":"Failed to start server","service":"ai-saas-backend","timestamp":"2026-04-22T12:12:45.722Z"}
{"error":{},"level":"error","message":"Failed to start server","service":"ai-saas-backend","timestamp":"2026-04-22T12:12:45.739Z"}
{"error":{},"level":"error","message":"Failed to start server","service":"ai-saas-backend","timestamp":"2026-04-22T12:12:45.758Z"}
{"error":{},"level":"error","message":"Failed to start server","service":"ai-saas-backend","timestamp":"2026-04-22T12:12:50.273Z"}
{"error":{},"level":"error","message":"Failed to start server","service":"ai-saas-backend","timestamp":"2026-04-22T12:12:50.290Z"}
{"error":{},"level":"error","message":"Failed to start server","service":"ai-saas-backend","timestamp":"2026-04-22T12:12:50.293Z"}
{"error":{"address":"0.0.0.0","code":"EADDRINUSE","errno":-48,"port":3001,"syscall":"listen"},"level":"error","message":"Failed to start server","service":"ai-saas-backend","timestamp":"2026-04-22T12:13:10.089Z"}
{"error":{"address":"0.0.0.0","code":"EADDRINUSE","errno":-48,"port":3001,"syscall":"listen"},"level":"error","message":"Failed to start server","service":"ai-saas-backend","timestamp":"2026-04-22T12:13:19.860Z"}
{"error":{"address":"0.0.0.0","code":"EADDRINUSE","errno":-48,"port":3001,"syscall":"listen"},"level":"error","message":"Failed to start server","service":"ai-saas-backend","timestamp":"2026-04-22T12:13:26.121Z"}
{"error":{"address":"0.0.0.0","code":"EADDRINUSE","errno":-48,"port":3001,"syscall":"listen"},"level":"error","message":"Failed to start server","service":"ai-saas-backend","timestamp":"2026-04-22T12:13:33.941Z"}
{"error":{"address":"0.0.0.0","code":"EADDRINUSE","errno":-48,"port":3001,"syscall":"listen"},"level":"error","message":"Failed to start server","service":"ai-saas-backend","timestamp":"2026-04-22T12:13:39.786Z"}
{"error":{"address":"0.0.0.0","code":"EADDRINUSE","errno":-48,"port":3001,"syscall":"listen"},"level":"error","message":"Failed to start server","service":"ai-saas-backend","timestamp":"2026-04-22T12:18:00.645Z"}
{"error":{"address":"0.0.0.0","code":"EADDRINUSE","errno":-48,"port":3001,"syscall":"listen"},"level":"error","message":"Failed to start server","service":"ai-saas-backend","timestamp":"2026-04-22T12:18:05.563Z"}
{"error":{"address":"0.0.0.0","code":"EADDRINUSE","errno":-48,"port":3001,"syscall":"listen"},"level":"error","message":"Failed to start server","service":"ai-saas-backend","timestamp":"2026-04-22T12:18:25.331Z"}
{"error":{"address":"0.0.0.0","code":"EADDRINUSE","errno":-48,"port":3001,"syscall":"listen"},"level":"error","message":"Failed to start server","service":"ai-saas-backend","timestamp":"2026-04-22T12:19:02.127Z"}
{"error":{"address":"0.0.0.0","code":"EADDRINUSE","errno":-48,"port":3001,"syscall":"listen"},"level":"error","message":"Failed to start server","service":"ai-saas-backend","timestamp":"2026-04-22T12:19:11.590Z"}
{"error":{"address":"0.0.0.0","code":"EADDRINUSE","errno":-48,"port":3001,"syscall":"listen"},"level":"error","message":"Failed to start server","service":"ai-saas-backend","timestamp":"2026-04-22T12:19:20.491Z"}
{"error":{"address":"0.0.0.0","code":"EADDRINUSE","errno":-48,"port":3001,"syscall":"listen"},"level":"error","message":"Failed to start server","service":"ai-saas-backend","timestamp":"2026-04-22T12:20:15.035Z"}
{"error":{"address":"0.0.0.0","code":"EADDRINUSE","errno":-48,"port":3001,"syscall":"listen"},"level":"error","message":"Failed to start server","service":"ai-saas-backend","timestamp":"2026-04-22T12:20:51.280Z"}
{"error":{},"level":"error","message":"Failed to register security routes:","service":"ai-saas-backend","timestamp":"2026-04-22T12:21:30.970Z"}
{"error":{},"level":"error","message":"Failed to register security routes:","service":"ai-saas-backend","timestamp":"2026-04-22T12:21:30.998Z"}
{"error":{},"level":"error","message":"Failed to register security routes:","service":"ai-saas-backend","timestamp":"2026-04-22T12:21:31.012Z"}
{"error":{"address":"0.0.0.0","code":"EADDRINUSE","errno":-48,"port":3001,"syscall":"listen"},"level":"error","message":"Failed to start server","service":"ai-saas-backend","timestamp":"2026-04-22T12:21:50.948Z"}
{"error":{},"level":"error","message":"Failed to start server","service":"ai-saas-backend","timestamp":"2026-04-22T12:25:51.405Z"}
{"error":{},"level":"error","message":"Failed to start server","service":"ai-saas-backend","timestamp":"2026-04-22T12:25:51.420Z"}
{"error":{},"level":"error","message":"Failed to start server","service":"ai-saas-backend","timestamp":"2026-04-22T12:25:51.438Z"}
{"error":{"address":"0.0.0.0","code":"EADDRINUSE","errno":-48,"port":3001,"syscall":"listen"},"level":"error","message":"Failed to start server","service":"ai-saas-backend","timestamp":"2026-04-22T12:26:09.031Z"}
{"error":{},"level":"error","message":"Failed to register workflow routes:","service":"ai-saas-backend","timestamp":"2026-04-22T12:26:53.706Z"}
{"error":{},"level":"error","message":"Failed to register workflow routes:","service":"ai-saas-backend","timestamp":"2026-04-22T12:26:53.728Z"}
{"error":{},"level":"error","message":"Failed to register workflow routes:","service":"ai-saas-backend","timestamp":"2026-04-22T12:26:53.742Z"}
{"error":{"address":"0.0.0.0","code":"EADDRINUSE","errno":-48,"port":3001,"syscall":"listen"},"level":"error","message":"Failed to start server","service":"ai-saas-backend","timestamp":"2026-04-22T12:27:01.819Z"}
{"error":{},"level":"error","message":"Failed to start server","service":"ai-saas-backend","timestamp":"2026-04-22T12:30:47.888Z"}
{"error":{},"level":"error","message":"Failed to start server","service":"ai-saas-backend","timestamp":"2026-04-22T12:30:47.911Z"}
{"error":{},"level":"error","message":"Failed to start server","service":"ai-saas-backend","timestamp":"2026-04-22T12:30:47.933Z"}
{"error":{"address":"0.0.0.0","code":"EADDRINUSE","errno":-48,"port":3001,"syscall":"listen"},"level":"error","message":"Failed to start server","service":"ai-saas-backend","timestamp":"2026-04-22T12:31:03.516Z"}
{"error":{"address":"0.0.0.0","code":"EADDRINUSE","errno":-48,"port":3001,"syscall":"listen"},"level":"error","message":"Failed to start server","service":"ai-saas-backend","timestamp":"2026-04-22T14:13:05.715Z"}
{"error":{"address":"0.0.0.0","code":"EADDRINUSE","errno":-48,"port":3001,"syscall":"listen"},"level":"error","message":"Failed to start server","service":"ai-saas-backend","timestamp":"2026-04-22T14:20:02.935Z"}
{"error":{},"level":"error","message":"Failed to register workflow routes:","service":"ai-saas-backend","timestamp":"2026-04-22T14:22:30.818Z"}
{"error":{},"level":"error","message":"Failed to register workflow routes:","service":"ai-saas-backend","timestamp":"2026-04-22T14:22:30.818Z"}
{"error":{},"level":"error","message":"Failed to register workflow routes:","service":"ai-saas-backend","timestamp":"2026-04-22T14:23:24.036Z"}
{"error":{},"level":"error","message":"Failed to register workflow routes:","service":"ai-saas-backend","timestamp":"2026-04-22T14:25:18.404Z"}
{"error":{},"level":"error","message":"Failed to register workflow routes:","service":"ai-saas-backend","timestamp":"2026-04-22T14:26:10.497Z"}
{"error":{"code":"EPIPE","errno":-32,"syscall":"write"},"level":"error","message":"Uncaught Exception:","service":"ai-saas-backend","timestamp":"2026-04-22T14:30:53.331Z"}
{"error":{},"level":"error","message":"Failed to register workflow routes:","service":"ai-saas-backend","timestamp":"2026-04-22T14:30:58.474Z"}
{"error":{},"level":"error","message":"Failed to register workflow routes:","service":"ai-saas-backend","timestamp":"2026-04-22T14:35:49.924Z"}
{"error":{},"level":"error","message":"Failed to register workflow routes:","service":"ai-saas-backend","timestamp":"2026-04-22T14:36:20.336Z"}
{"error":{},"level":"error","message":"Failed to register workflow routes:","service":"ai-saas-backend","timestamp":"2026-04-22T14:36:34.200Z"}
{"error":{},"level":"error","message":"Failed to register workflow routes:","service":"ai-saas-backend","timestamp":"2026-04-22T14:38:13.242Z"}
{"error":{},"level":"error","message":"Failed to register workflow routes:","service":"ai-saas-backend","timestamp":"2026-04-22T15:01:46.653Z"}
{"error":{},"level":"error","message":"Failed to register security routes:","service":"ai-saas-backend","timestamp":"2026-04-22T15:02:49.167Z"}
{"error":{},"level":"error","message":"Failed to register security routes:","service":"ai-saas-backend","timestamp":"2026-04-22T15:02:57.658Z"}
{"error":{},"level":"error","message":"Failed to register security routes:","service":"ai-saas-backend","timestamp":"2026-04-22T15:02:59.626Z"}
{"error":{},"level":"error","message":"Failed to register security routes:","service":"ai-saas-backend","timestamp":"2026-04-22T15:02:59.627Z"}
{"error":{},"level":"error","message":"Failed to register security routes:","service":"ai-saas-backend","timestamp":"2026-04-22T15:03:29.501Z"}
{"error":{},"level":"error","message":"Failed to register security routes:","service":"ai-saas-backend","timestamp":"2026-04-22T15:03:29.504Z"}
{"error":{},"level":"error","message":"Failed to register security routes:","service":"ai-saas-backend","timestamp":"2026-04-22T15:03:36.587Z"}
{"error":{},"level":"error","message":"Failed to register security routes:","service":"ai-saas-backend","timestamp":"2026-04-22T15:03:36.587Z"}
{"error":{},"level":"error","message":"Failed to register security routes:","service":"ai-saas-backend","timestamp":"2026-04-22T15:03:56.807Z"}
{"error":{},"level":"error","message":"Failed to register security routes:","service":"ai-saas-backend","timestamp":"2026-04-22T15:03:56.807Z"}
{"error":{},"level":"error","message":"Failed to register security routes:","service":"ai-saas-backend","timestamp":"2026-04-22T15:03:59.042Z"}
{"error":{},"level":"error","message":"Failed to register security routes:","service":"ai-saas-backend","timestamp":"2026-04-22T15:03:59.044Z"}
{"error":{},"level":"error","message":"Failed to register version routes:","service":"ai-saas-backend","timestamp":"2026-04-22T15:04:00.612Z"}
{"error":{},"level":"error","message":"Failed to register version routes:","service":"ai-saas-backend","timestamp":"2026-04-22T15:04:00.612Z"}
{"error":{},"level":"error","message":"Failed to register version routes:","service":"ai-saas-backend","timestamp":"2026-04-22T15:04:03.739Z"}
{"error":{},"level":"error","message":"Failed to register version routes:","service":"ai-saas-backend","timestamp":"2026-04-22T15:04:03.744Z"}
